Build started 06/11/2015 1:42:55.
Project "C:\Users\Laura Ripoll\Desktop\PB\Laura_Ripoll_Teresa_Miranda_V16\Laura_Ripoll_Teresa_Miranda\SDL Game.vcxproj" on node 2 (Build target(s)).
ClCompile:
  C:\Program Files\Microsoft Visual Studio 12.0\VC\bin\CL.exe /c /Zi /nologo /W3 /WX- /sdl /O2 /Oi /Oy- /GL /D _MBCS /Gm- /MD /GS /Gy /fp:precise /Zc:wchar_t /Zc:forScope /Fo"Release\\" /Fd"Release\vc120.pdb" /Gd /TP /analyze- /errorReport:prompt Application.cpp log.cpp Main.cpp ModuleAudio.cpp ModuleInput.cpp ModulePhysics.cpp ModulePlayer.cpp ModuleRender.cpp ModuleSceneIntro.cpp ModuleTextures.cpp ModuleWindow.cpp
  Application.cpp
  log.cpp
  Main.cpp
  ModuleAudio.cpp
  ModuleInput.cpp
  ModulePhysics.cpp
ModulePhysics.cpp(84): warning C4244: '=' : conversion from 'float' to 'int', possible loss of data
ModulePhysics.cpp(85): warning C4244: '=' : conversion from 'float' to 'int', possible loss of data
ModulePhysics.cpp(191): warning C4018: '<' : signed/unsigned mismatch
ModulePhysics.cpp(224): warning C4018: '<' : signed/unsigned mismatch
  ModulePlayer.cpp
ModulePlayer.cpp(67): warning C4305: '=' : truncation from 'double' to 'float32'
ModulePlayer.cpp(68): warning C4305: '=' : truncation from 'double' to 'float32'
ModulePlayer.cpp(110): warning C4305: '=' : truncation from 'double' to 'float32'
ModulePlayer.cpp(111): warning C4305: '=' : truncation from 'double' to 'float32'
ModulePlayer.cpp(153): warning C4305: '=' : truncation from 'double' to 'float32'
ModulePlayer.cpp(154): warning C4305: '=' : truncation from 'double' to 'float32'
ModulePlayer.cpp(197): warning C4305: '=' : truncation from 'double' to 'float32'
ModulePlayer.cpp(198): warning C4305: '=' : truncation from 'double' to 'float32'
ModulePlayer.cpp(240): warning C4305: '=' : truncation from 'double' to 'float32'
ModulePlayer.cpp(241): warning C4305: '=' : truncation from 'double' to 'float32'
ModulePlayer.cpp(283): warning C4305: '=' : truncation from 'double' to 'float32'
ModulePlayer.cpp(284): warning C4305: '=' : truncation from 'double' to 'float32'
ModulePlayer.cpp(316): warning C4305: 'argument' : truncation from 'double' to 'float32'
ModulePlayer.cpp(317): warning C4305: 'argument' : truncation from 'double' to 'float32'
ModulePlayer.cpp(318): warning C4305: 'argument' : truncation from 'double' to 'float32'
ModulePlayer.cpp(324): warning C4305: 'argument' : truncation from 'double' to 'float32'
ModulePlayer.cpp(325): warning C4305: 'argument' : truncation from 'double' to 'float32'
ModulePlayer.cpp(326): warning C4305: 'argument' : truncation from 'double' to 'float32'
ModulePlayer.cpp(359): warning C4244: 'argument' : conversion from 'float' to 'int', possible loss of data
ModulePlayer.cpp(363): warning C4244: 'argument' : conversion from 'float' to 'int', possible loss of data
ModulePlayer.cpp(367): warning C4244: 'argument' : conversion from 'float' to 'int', possible loss of data
ModulePlayer.cpp(371): warning C4244: 'argument' : conversion from 'float' to 'int', possible loss of data
ModulePlayer.cpp(375): warning C4244: 'argument' : conversion from 'float' to 'int', possible loss of data
ModulePlayer.cpp(379): warning C4244: 'argument' : conversion from 'float' to 'int', possible loss of data
  ModuleRender.cpp
  ModuleSceneIntro.cpp
ModuleSceneIntro.cpp(472): warning C4018: '<' : signed/unsigned mismatch
ModuleSceneIntro.cpp(486): warning C4018: '<' : signed/unsigned mismatch
  ModuleTextures.cpp
  ModuleWindow.cpp
Link:
  C:\Program Files\Microsoft Visual Studio 12.0\VC\bin\link.exe /ERRORREPORT:PROMPT /OUT:"C:\Users\Laura Ripoll\Desktop\PB\Laura_Ripoll_Teresa_Miranda_V16\Laura_Ripoll_Teresa_Miranda\Release\Laura_Ripoll_Teresa_Miranda.exe" /NOLOGO kernel32.lib user32.lib gdi32.lib winspool.lib comdlg32.lib advapi32.lib shell32.lib ole32.lib oleaut32.lib uuid.lib odbc32.lib odbccp32.lib /MANIFEST /MANIFESTUAC:"level='asInvoker' uiAccess='false'" /manifest:embed /DEBUG /PDB:"C:\Users\Laura Ripoll\Desktop\PB\Laura_Ripoll_Teresa_Miranda_V16\Laura_Ripoll_Teresa_Miranda\Release\Laura_Ripoll_Teresa_Miranda.pdb" /SUBSYSTEM:WINDOWS /OPT:REF /OPT:ICF /LTCG /TLBID:1 /DYNAMICBASE /NXCOMPAT /IMPLIB:"C:\Users\Laura Ripoll\Desktop\PB\Laura_Ripoll_Teresa_Miranda_V16\Laura_Ripoll_Teresa_Miranda\Release\Laura_Ripoll_Teresa_Miranda.lib" /MACHINE:X86 /SAFESEH Release\Application.obj
  Release\log.obj
  Release\Main.obj
  Release\ModuleAudio.obj
  Release\ModuleInput.obj
  Release\ModulePhysics.obj
  Release\ModulePlayer.obj
  Release\ModuleRender.obj
  Release\ModuleSceneIntro.obj
  Release\ModuleTextures.obj
  Release\ModuleWindow.obj
  Generating code
  Finished generating code
  SDL Game.vcxproj -> C:\Users\Laura Ripoll\Desktop\PB\Laura_Ripoll_Teresa_Miranda_V16\Laura_Ripoll_Teresa_Miranda\Release\Laura_Ripoll_Teresa_Miranda.exe
Done Building Project "C:\Users\Laura Ripoll\Desktop\PB\Laura_Ripoll_Teresa_Miranda_V16\Laura_Ripoll_Teresa_Miranda\SDL Game.vcxproj" (Build target(s)).

Build succeeded.

Time Elapsed 00:00:07.90
